15:43:01.502 [main] DEBUG org.testng.TestNG - suiteXmlPath: "C:\Users\Divya V\AppData\Local\Temp\testng-eclipse-14619447\testng-customsuite.xml"
15:43:01.705 [main] INFO  org.testng.internal.Utils - [Utils] MethodGroupsHelper.collectMethodsByGroup() took 1 ms.
15:43:01.709 [main] INFO  org.testng.internal.Utils - [Utils] MethodGroupsHelper.sortMethods() took 1 ms.
15:43:01.711 [main] INFO  org.testng.internal.Utils - [Utils] MethodGroupsHelper.collectMethodsByGroup() took 0 ms.
15:43:01.711 [main] INFO  org.testng.internal.Utils - [Utils] MethodGroupsHelper.sortMethods() took 0 ms.
15:43:01.711 [main] INFO  org.testng.internal.Utils - [Utils] MethodGroupsHelper.collectMethodsByGroup() took 0 ms.
15:43:01.711 [main] INFO  org.testng.internal.Utils - [Utils] MethodGroupsHelper.sortMethods() took 0 ms.
15:43:01.712 [main] INFO  org.testng.internal.Utils - [Utils] MethodGroupsHelper.collectMethodsByGroup() took 0 ms.
15:43:01.712 [main] INFO  org.testng.internal.Utils - [Utils] MethodGroupsHelper.sortMethods() took 0 ms.
15:43:01.717 [main] INFO  org.testng.internal.Utils - [Utils] MethodGroupsHelper.collectMethodsByGroup() took 4 ms.
15:43:01.724 [main] INFO  org.testng.internal.Utils - [Utils] MethodGroupsHelper.sortMethods() took 6 ms.
15:43:01.725 [main] INFO  org.testng.internal.Utils - [Utils] MethodGroupsHelper.collectMethodsByGroup() took 0 ms.
15:43:01.725 [main] INFO  org.testng.internal.Utils - [Utils] MethodGroupsHelper.sortMethods() took 0 ms.
15:43:01.727 [main] INFO  org.testng.internal.Utils - [Utils] MethodGroupsHelper.collectMethodsByGroup() took 0 ms.
15:43:01.727 [main] INFO  org.testng.internal.Utils - [Utils] MethodGroupsHelper.sortMethods() took 0 ms.
15:43:01.727 [main] INFO  org.testng.internal.Utils - [Utils] MethodGroupsHelper.collectMethodsByGroup() took 0 ms.
15:43:01.727 [main] INFO  org.testng.internal.Utils - [Utils] MethodGroupsHelper.sortMethods() took 0 ms.
15:43:01.729 [main] INFO  org.testng.internal.Utils - [Utils] MethodGroupsHelper.collectMethodsByGroup() took 0 ms.
15:43:01.729 [main] INFO  org.testng.internal.Utils - [Utils] MethodGroupsHelper.sortMethods() took 0 ms.
15:43:01.729 [main] INFO  org.testng.internal.Utils - [Utils] MethodGroupsHelper.collectMethodsByGroup() took 0 ms.
15:43:01.729 [main] INFO  org.testng.internal.Utils - [Utils] MethodGroupsHelper.sortMethods() took 0 ms.
15:43:01.730 [main] INFO  org.testng.internal.Utils - [Utils] MethodGroupsHelper.collectMethodsByGroup() took 0 ms.
15:43:01.730 [main] INFO  org.testng.internal.Utils - [Utils] MethodGroupsHelper.sortMethods() took 0 ms.
15:43:01.730 [main] INFO  org.testng.internal.Utils - [Utils] MethodGroupsHelper.collectMethodsByGroup() took 0 ms.
15:43:01.730 [main] INFO  org.testng.internal.Utils - [Utils] MethodGroupsHelper.sortMethods() took 0 ms.
15:43:01.732 [main] INFO  org.testng.internal.Utils - [Utils] MethodGroupsHelper.collectMethodsByGroup() took 1 ms.
15:43:01.732 [main] INFO  org.testng.internal.Utils - [Utils] MethodGroupsHelper.sortMethods() took 0 ms.
15:43:01.733 [main] INFO  org.testng.internal.Utils - [Utils] MethodGroupsHelper.collectMethodsByGroup() took 0 ms.
15:43:01.733 [main] INFO  org.testng.internal.Utils - [Utils] MethodGroupsHelper.sortMethods() took 0 ms.
15:43:01.733 [main] INFO  org.testng.internal.Utils - [Utils] MethodGroupsHelper.collectMethodsByGroup() took 0 ms.
15:43:01.733 [main] INFO  org.testng.internal.Utils - [Utils] MethodGroupsHelper.sortMethods() took 0 ms.
15:43:01.739 [main] INFO  org.testng.internal.Utils - [TestNG] Running:
  C:\Users\Divya V\AppData\Local\Temp\testng-eclipse-14619447\testng-customsuite.xml

15:43:01.757 [main] INFO  org.testng.internal.Utils - [Utils] DynamicGraphHelper.createDynamicGraph() took 4 ms.
15:43:04.588 [main] INFO  testCases.TC_001_TestRegistration - Test case started
15:43:04.588 [main] DEBUG testCases.TC_001_TestRegistration - logger.debug started
15:43:05.286 [main] INFO  testCases.TC_001_TestRegistration - REgister link clicked
15:43:05.290 [main] INFO  testCases.TC_001_TestRegistration - Entering details
15:43:06.150 [main] INFO  testCases.TC_001_TestRegistration - Submitted form
15:43:06.253 [main] INFO  testCases.TC_001_TestRegistration - Test case passed
15:43:06.255 [main] DEBUG testCases.TC_001_TestRegistration - debug ended
15:43:06.255 [main] INFO  testCases.TC_001_TestRegistration - Test case completed
15:43:06.501 [main] INFO  org.testng.internal.Utils - [TestNG] Time taken by org.testng.reporters.SuiteHTMLReporter@497aec8c: 42 ms
15:43:06.586 [main] INFO  org.testng.internal.Utils - [TestNG] Time taken by org.testng.reporters.jq.Main@cf67838: 85 ms
15:43:06.588 [main] INFO  org.testng.internal.Utils - [TestNG] Time taken by org.testng.reporters.FailedReporter@6137cf6e: 2 ms
15:43:06.598 [main] INFO  org.testng.internal.Utils - [TestNG] Time taken by org.testng.reporters.XMLReporter@66c38e51: 10 ms
15:43:06.607 [main] INFO  org.testng.internal.Utils - [TestNG] Time taken by org.testng.reporters.EmailableReporter2@6ecab872: 9 ms
